<?xml version="1.0" encoding="UTF-8" ?>
<testsuite errors="0" failures="0" hostname="kais-mbp.pk5001z" name="hw2.q03.TreeLoaderTest" tests="8" time="0.414" timestamp="2013-11-17T04:31:32">
  <properties>
[...]
</properties>
  <testcase classname="hw2.q03.TreeLoaderTest" name="testUnorderedNodeIDs" time="0.004" />
  <testcase classname="hw2.q03.TreeLoaderTest" name="testNonNumericIDs" time="0.002" />
  <testcase classname="hw2.q03.TreeLoaderTest" name="testNodesInRandomOrder" time="0.001" />
  <testcase classname="hw2.q03.TreeLoaderTest" name="testRequiredTrim" time="0.001" />
  <testcase classname="hw2.q03.TreeLoaderTest" name="testOnOneNodeTree" time="0.0" />
  <testcase classname="hw2.q03.TreeLoaderTest" name="test3LevelTree" time="0.001" />
  <testcase classname="hw2.q03.TreeLoaderTest" name="testOnEmptyTree" time="0.0" />
  <testcase classname="hw2.q03.TreeLoaderTest" name="test13NodeTree" time="0.001" />
  <system-out><![CDATA[the diction1 is {-55=43, 1=-800, 0=, 43=0, 108=71111, -4=43, 107=108, 71111=1, 80=1, 62=1, 13=-55, -800=0, 12=-4}
|-- hello world
    |-- Random !@##
        |-- hello once more world!
            |-- So are a lot of other places
        |-- Jon Spiro
            |-- Maveric* is hiring now
    |-- 007
        |-- Square?!?!
            |-- Trees!!!are!!!fun
                |-- Can I get paid for advertising here?
                    |-- People want 1902 students
            |-- Plant more of them
            |-- NetBeaners unite

the diction1 is {-55=rm -f *.o, rm -f *.o=0, 13=-55, gedit=0, ls -a=gedit, 12=vim, 0=, git commit -m=108, vim=rm -f *.o, 108=71111, 71111=ls -a, 62=ls -a, 80=ls -a}
|-- hello world
    |-- Random !@##
        |-- hello once more world!
            |-- So are a lot of other places
        |-- Jon Spiro
            |-- Maveric* is hiring now
    |-- 007
        |-- Square?!?!
            |-- Trees!!!are!!!fun
                |-- Can I get paid for advertising here?
                    |-- People want 1902 students
            |-- NetBeaners unite
            |-- Plant more of them

the diction1 is {-55=rm -f *.o, 0=, git commit -m=108, 108=71111, vim=rm -f *.o, 71111=ls -a, rm -f *.o=0, 62=ls -a, 80=ls -a, 13=-55, gedit=0, ls -a=gedit, 12=vim}
|-- hello world
    |-- Random !@##
        |-- hello once more world!
            |-- So are a lot of other places
        |-- Jon Spiro
            |-- Maveric* is hiring now
    |-- 007
        |-- Square?!?!
            |-- Trees!!!are!!!fun
                |-- Can I get paid for advertising here?
                    |-- People want 1902 students
            |-- NetBeaners unite
            |-- Plant more of them

the diction1 is {-55=rm -f *.o, 0=, git commit -m=108, 108=71111, vim=rm -f *.o, 71111=ls -a, rm -f *.o=0, 62=ls -a, 80=ls -a, 13=-55, gedit=0, ls -a=gedit, 12=vim}
|-- hello world
    |-- Random !@##
        |-- hello once more world!
            |-- So are a lot of other places
        |-- Jon Spiro
            |-- Maveric* is hiring now
    |-- 007
        |-- Square?!?!
            |-- Trees!!!are!!!fun
                |-- Can I get paid for advertising here?
                    |-- People want 1902 students
            |-- NetBeaners unite
            |-- Plant more of them

the diction1 is {0=}
|-- hello world

the diction1 is {3=0, 2=0, 1=0, 0=, 5=2, 4=2}
|-- hello world
    |-- Square?!?!
    |-- Random !@##
        |-- hello once more world!
        |-- Jon Spiro
    |-- 007

the diction1 is {3=1, 2=0, 10=9, 1=0, 0=, 7=3, 6=3, 5=2, 4=2, 9=7, 8=3, 11=4, 12=5}
|-- hello world
    |-- Random !@##
        |-- hello once more world!
            |-- So are a lot of other places
        |-- Jon Spiro
            |-- Maveric* is hiring now
    |-- 007
        |-- Square?!?!
            |-- Trees!!!are!!!fun
                |-- Can I get paid for advertising here?
                    |-- People want 1902 students
            |-- NetBeaners unite
            |-- Plant more of them

]]></system-out>
  <system-err><![CDATA[]]></system-err>
</testsuite>
